<?xml version="1.0" encoding="UTF-8" ?>
<testsuite errors="0" failures="1" hostname="Sriman-PC" name="com.wcp.util.CalculatorTest" tests="1" time="0.109" timestamp="2015-02-21T14:58:25">
  <properties>
    <property name="java.vendor" value="Oracle Corporation" />
    <property name="lib.dir" value="lib" />
    <property name="sun.java.launcher" value="SUN_STANDARD" />
    <property name="eclipse.pdebuild.templates" value="/D:/IDE/eclipse-kepler/eclipse/plugins/org.eclipse.pde.build_3.8.100.v20130514-1028/templates/" />
    <property name="sun.management.compiler" value="HotSpot 64-Bit Tiered Compilers" />
    <property name="ant.file.type.WorkingWithClasspath" value="file" />
    <property name="os.name" value="Windows 7" />
    <property name="sun.boot.class.path" value="C:\Program Files\Java\jdk1.7.0_65\jre\lib\resources.jar;C:\Program Files\Java\jdk1.7.0_65\jre\lib\rt.jar;C:\Program Files\Java\jdk1.7.0_65\jre\lib\sunrsasign.jar;C:\Program Files\Java\jdk1.7.0_65\jre\lib\jsse.jar;C:\Program Files\Java\jdk1.7.0_65\jre\lib\jce.jar;C:\Program Files\Java\jdk1.7.0_65\jre\lib\charsets.jar;C:\Program Files\Java\jdk1.7.0_65\jre\lib\jfr.jar;C:\Program Files\Java\jdk1.7.0_65\jre\classes" />
    <property name="sun.desktop" value="windows" />
    <property name="java.vm.specification.vendor" value="Oracle Corporation" />
    <property name="ant.home" value="D:\IDE\eclipse-kepler\eclipse\plugins\org.apache.ant_1.8.4.v201303080030" />
    <property name="java.runtime.version" value="1.7.0_65-b19" />
    <property name="user.name" value="Sriman" />
    <property name="build.dir" value="build" />
    <property name="libraries.available" value="true" />
    <property name="user.language" value="en" />
    <property name="sun.boot.library.path" value="C:\Program Files\Java\jdk1.7.0_65\jre\bin" />
    <property name="ant.project.default-target" value="main" />
    <property name="ant.project.name" value="WorkingWithClasspath" />
    <property name="java.version" value="1.7.0_65" />
    <property name="user.timezone" value="" />
    <property name="sun.arch.data.model" value="64" />
    <property name="java.endorsed.dirs" value="C:\Program Files\Java\jdk1.7.0_65\jre\lib\endorsed" />
    <property name="sun.cpu.isalist" value="amd64" />
    <property name="sun.jnu.encoding" value="Cp1252" />
    <property name="file.encoding.pkg" value="sun.io" />
    <property name="file.separator" value="\" />
    <property name="java.specification.name" value="Java Platform API Specification" />
    <property name="classes.dir" value="build/classes" />
    <property name="java.class.version" value="51.0" />
    <property name="user.country" value="US" />
    <property name="java.home" value="C:\Program Files\Java\jdk1.7.0_65\jre" />
    <property name="dist.dir" value="build/dist" />
    <property name="java.vm.info" value="mixed mode" />
    <property name="ant.file" value="D:\WorkShop\Trainings\02042015\Tools\Ant\WorkingWithClassPath\build.xml" />
    <property name="os.version" value="6.1" />
    <property name="path.separator" value=";" />
    <property name="java.vm.version" value="24.65-b04" />
    <property name="user.variant" value="" />
    <property name="ant.library.dir" value="D:\IDE\eclipse-kepler\eclipse\plugins\org.apache.ant_1.8.4.v201303080030\lib" />
    <property name="java.awt.printerjob" value="sun.awt.windows.WPrinterJob" />
    <property name="sun.io.unicode.encoding" value="UnicodeLittle" />
    <property name="awt.toolkit" value="sun.awt.windows.WToolkit" />
    <property name="user.script" value="" />
    <property name="eclipse.pdebuild.scripts" value="/D:/IDE/eclipse-kepler/eclipse/plugins/org.eclipse.pde.build_3.8.100.v20130514-1028/scripts/" />
    <property name="user.home" value="C:\Users\Sriman" />
    <property name="java.specification.vendor" value="Oracle Corporation" />
    <property name="test.dir" value="test" />
    <property name="java.library.path" value="C:\Windows\system32;C:\Windows\Sun\Java\bin;C:\Windows\system32;C:\Windows;C:\oraclexe\app\oracle\product\11.2.0\server\bin;C:\Windows\system32;C:\Windows;C:\Windows\System32\Wbem;C:\Windows\System32\WindowsPowerShell\v1.0\;C:\apache-maven-3.0.4\bin;C:\Program Files (x86)\QuickTime\QTSystem\;C:\Program Files (x86)\Common Files\Apple\Mobile Device Support\;C:\Program Files (x86)\Common Files\Apple\Apple Application Support;C:\Program Files\VisualSVN Server\bin;C:\Program Files\TortoiseSVN\bin;.;D:\IDE\eclipse-kepler\eclipse\configuration\org.eclipse.osgi\bundles\1868\1\.cp" />
    <property name="java.vendor.url" value="http://java.oracle.com/" />
    <property name="java.vm.vendor" value="Oracle Corporation" />
    <property name="java.runtime.name" value="Java(TM) SE Runtime Environment" />
    <property name="sun.java.command" value="org.eclipse.ant.internal.launching.remote.InternalAntRunner -Dorg.eclipse.ant.core.ANT_PROCESS_ID=1424530703305 -Declipse.connect.port=49223 -Declipse.pdebuild.home=/D:/IDE/eclipse-kepler/eclipse/plugins/org.eclipse.pde.build_3.8.100.v20130514-1028/./ -Declipse.pdebuild.scripts=/D:/IDE/eclipse-kepler/eclipse/plugins/org.eclipse.pde.build_3.8.100.v20130514-1028/scripts/ -Declipse.pdebuild.templates=/D:/IDE/eclipse-kepler/eclipse/plugins/org.eclipse.pde.build_3.8.100.v20130514-1028/templates/ -Dant.home=D:\IDE\eclipse-kepler\eclipse\plugins\org.apache.ant_1.8.4.v201303080030 -logger org.eclipse.ant.internal.launching.remote.logger.RemoteAntBuildLogger -inputhandler org.eclipse.ant.internal.ui.antsupport.inputhandler.ProxyInputHandler -buildfile D:\WorkShop\Trainings\02042015\Tools\Ant\WorkingWithClassPath\build.xml" />
    <property name="java.class.path" value="D:\IDE\eclipse-kepler\eclipse\plugins\org.apache.ant_1.8.4.v201303080030\lib\ant-antlr.jar;D:\IDE\eclipse-kepler\eclipse\plugins\org.apache.ant_1.8.4.v201303080030\lib\ant-apache-bcel.jar;D:\IDE\eclipse-kepler\eclipse\plugins\org.apache.ant_1.8.4.v201303080030\lib\ant-apache-bsf.jar;D:\IDE\eclipse-kepler\eclipse\plugins\org.apache.ant_1.8.4.v201303080030\lib\ant-apache-log4j.jar;D:\IDE\eclipse-kepler\eclipse\plugins\org.apache.ant_1.8.4.v201303080030\lib\ant-apache-oro.jar;D:\IDE\eclipse-kepler\eclipse\plugins\org.apache.ant_1.8.4.v201303080030\lib\ant-apache-regexp.jar;D:\IDE\eclipse-kepler\eclipse\plugins\org.apache.ant_1.8.4.v201303080030\lib\ant-apache-resolver.jar;D:\IDE\eclipse-kepler\eclipse\plugins\org.apache.ant_1.8.4.v201303080030\lib\ant-apache-xalan2.jar;D:\IDE\eclipse-kepler\eclipse\plugins\org.apache.ant_1.8.4.v201303080030\lib\ant-commons-logging.jar;D:\IDE\eclipse-kepler\eclipse\plugins\org.apache.ant_1.8.4.v201303080030\lib\ant-commons-net.jar;D:\IDE\eclipse-kepler\eclipse\plugins\org.apache.ant_1.8.4.v201303080030\lib\ant-jai.jar;D:\IDE\eclipse-kepler\eclipse\plugins\org.apache.ant_1.8.4.v201303080030\lib\ant-javamail.jar;D:\IDE\eclipse-kepler\eclipse\plugins\org.apache.ant_1.8.4.v201303080030\lib\ant-jdepend.jar;D:\IDE\eclipse-kepler\eclipse\plugins\org.apache.ant_1.8.4.v201303080030\lib\ant-jmf.jar;D:\IDE\eclipse-kepler\eclipse\plugins\org.apache.ant_1.8.4.v201303080030\lib\ant-jsch.jar;D:\IDE\eclipse-kepler\eclipse\plugins\org.apache.ant_1.8.4.v201303080030\lib\ant-junit.jar;D:\IDE\eclipse-kepler\eclipse\plugins\org.apache.ant_1.8.4.v201303080030\lib\ant-junit4.jar;D:\IDE\eclipse-kepler\eclipse\plugins\org.apache.ant_1.8.4.v201303080030\lib\ant-launcher.jar;D:\IDE\eclipse-kepler\eclipse\plugins\org.apache.ant_1.8.4.v201303080030\lib\ant-netrexx.jar;D:\IDE\eclipse-kepler\eclipse\plugins\org.apache.ant_1.8.4.v201303080030\lib\ant-swing.jar;D:\IDE\eclipse-kepler\eclipse\plugins\org.apache.ant_1.8.4.v201303080030\lib\ant-testutil.jar;D:\IDE\eclipse-kepler\eclipse\plugins\org.apache.ant_1.8.4.v201303080030\lib\ant.jar;D:\IDE\eclipse-kepler\eclipse\configuration\org.eclipse.osgi\bundles\1252\1\.cp\lib\antdebug.jar;D:\IDE\eclipse-kepler\eclipse\configuration\org.eclipse.osgi\bundles\1252\1\.cp\lib\remote.jar;D:\IDE\eclipse-kepler\eclipse\configuration\org.eclipse.osgi\bundles\1253\1\.cp\lib\remoteAnt.jar;C:\Program Files\Java\jdk1.7.0_65\lib\tools.jar;D:\IDE\eclipse-kepler\eclipse\plugins\org.eclipse.swt.win32.win32.x86_64_3.102.1.v20140206-1358.jar;D:\IDE\eclipse-kepler\eclipse\plugins\org.jboss.tools.xulrunner.initializer_3.5.1.Final-v20140303-0018-B169.jar" />
    <property name="ant.version" value="Apache Ant(TM) version 1.8.4 compiled on May 22 2012" />
    <property name="java.vm.specification.name" value="Java Virtual Machine Specification" />
    <property name="java.vm.specification.version" value="1.7" />
    <property name="sun.cpu.endian" value="little" />
    <property name="sun.os.patch.level" value="Service Pack 1" />
    <property name="eclipse.pdebuild.home" value="/D:/IDE/eclipse-kepler/eclipse/plugins/org.eclipse.pde.build_3.8.100.v20130514-1028/./" />
    <property name="java.io.tmpdir" value="C:\Users\Sriman\AppData\Local\Temp\" />
    <property name="java.vendor.url.bug" value="http://bugreport.sun.com/bugreport/" />
    <property name="lib_fail_msg" value="Please make sure all jar&apos;s are available to build..." />
    <property name="ant.file.WorkingWithClasspath" value="D:\WorkShop\Trainings\02042015\Tools\Ant\WorkingWithClassPath\build.xml" />
    <property name="os.arch" value="amd64" />
    <property name="java.awt.graphicsenv" value="sun.awt.Win32GraphicsEnvironment" />
    <property name="java.ext.dirs" value="C:\Program Files\Java\jdk1.7.0_65\jre\lib\ext;C:\Windows\Sun\Java\lib\ext" />
    <property name="user.dir" value="D:\WorkShop\Trainings\02042015\Tools\Ant\WorkingWithClassPath" />
    <property name="line.separator" value="&#xd;&#xa;" />
    <property name="java.vm.name" value="Java HotSpot(TM) 64-Bit Server VM" />
    <property name="basedir" value="D:\WorkShop\Trainings\02042015\Tools\Ant\WorkingWithClassPath" />
    <property name="ant.java.version" value="1.7" />
    <property name="ant.core.lib" value="D:\IDE\eclipse-kepler\eclipse\plugins\org.apache.ant_1.8.4.v201303080030\lib\ant.jar" />
    <property name="file.encoding" value="Cp1252" />
    <property name="java.specification.version" value="1.7" />
    <property name="src.dir" value="src" />
    <property name="ant.project.invoked-targets" value="main" />
  </properties>
  <testcase classname="com.wcp.util.CalculatorTest" name="testAdd" time="0.016">
    <failure message="expected:&lt;20&gt; but was:&lt;30&gt;" type="junit.framework.AssertionFailedError">junit.framework.AssertionFailedError: expected:&lt;20&gt; but was:&lt;30&gt;
	at com.wcp.util.CalculatorTest.testAdd(Unknown Source)
	at org.eclipse.ant.internal.launching.remote.EclipseDefaultExecutor.executeTargets(EclipseDefaultExecutor.java:32)
	at org.eclipse.ant.internal.launching.remote.InternalAntRunner.run(InternalAntRunner.java:424)
	at org.eclipse.ant.internal.launching.remote.InternalAntRunner.main(InternalAntRunner.java:138)
</failure>
  </testcase>
  <system-out><![CDATA[]]></system-out>
  <system-err><![CDATA[]]></system-err>
</testsuite>
